#
# There is insufficient memory for the Java Runtime Environment to continue.
# Native memory allocation (malloc) failed to allocate 32744 bytes for ChunkPool::allocate
# Possible reasons:
#   The system is out of physical RAM or swap space
#   In 32 bit mode, the process size limit was hit
# Possible solutions:
#   Reduce memory load on the system
#   Increase physical memory or swap space
#   Check if swap backing store is full
#   Use 64 bit Java on a 64 bit OS
#   Decrease Java heap size (-Xmx/-Xms)
#   Decrease number of Java threads
#   Decrease Java thread stack sizes (-Xss)
#   Set larger code cache with -XX:ReservedCodeCacheSize=
# This output file may be truncated or incomplete.
#
#  Out of Memory Error (allocation.cpp:273), pid=25176, tid=0x0000000000005dac
#
# JRE version: Java(TM) SE Runtime Environment (8.0_181-b13) (build 1.8.0_181-b13)
# Java VM: Java HotSpot(TM) 64-Bit Server VM (25.181-b13 mixed mode windows-amd64 compressed oops)
# Failed to write core dump. Minidumps are not enabled by default on client versions of Windows
#

---------------  T H R E A D  ---------------

Current thread (0x0000000005236000):  JavaThread "main" [_thread_in_vm, id=23980, stack(0x00000000050d0000,0x00000000051d0000)]

Stack: [0x00000000050d0000,0x00000000051d0000]
[error occurred during error reporting (printing stack bounds), id 0xc0000005]

Native frames: (J=compiled Java code, j=interpreted, Vv=VM code, C=native code)

Java frames: (J=compiled Java code, j=interpreted, Vv=VM code)
J 2740  java.lang.Class.getDeclaredFields0(Z)[Ljava/lang/reflect/Field; (0 bytes) @ 0x00000000058f8d3b [0x00000000058f8d00+0x3b]
J 2722 C1 java.lang.Class.privateGetDeclaredFields(Z)[Ljava/lang/reflect/Field; (67 bytes) @ 0x00000000058f11c4 [0x00000000058f10c0+0x104]
J 2887 C1 org.springframework.util.ReflectionUtils.getDeclaredFields(Ljava/lang/Class;)[Ljava/lang/reflect/Field; (104 bytes) @ 0x000000000594137c [0x00000000059411c0+0x1bc]
J 3173 C1 org.springframework.util.ReflectionUtils.doWithLocalFields(Ljava/lang/Class;Lorg/springframework/util/ReflectionUtils$FieldCallback;)V (84 bytes) @ 0x00000000059c2a1c [0x00000000059c2a00+0x1c]
j  org.springframework.orm.jpa.support.PersistenceAnnotationBeanPostProcessor.buildPersistenceMetadata(Ljava/lang/Class;)Lorg/springframework/beans/factory/annotation/InjectionMetadata;+28
J 3356 C1 org.springframework.orm.jpa.support.PersistenceAnnotationBeanPostProcessor.findPersistenceMetadata(Ljava/lang/String;Ljava/lang/Class;Lorg/springframework/beans/PropertyValues;)Lorg/springframework/beans/factory/annotation/InjectionMetadata; (124 bytes) @ 0x0000000005a2423c [0x0000000005a23f40+0x2fc]
j  org.springframework.orm.jpa.support.PersistenceAnnotationBeanPostProcessor.postProcessMergedBeanDefinition(Lorg/springframework/beans/factory/support/RootBeanDefinition;Ljava/lang/Class;Ljava/lang/String;)V+4
J 4390 C1 org.springframework.beans.factory.support.AbstractAutowireCapableBeanFactory.applyMergedBeanDefinitionPostProcessors(Lorg/springframework/beans/factory/support/RootBeanDefinition;Ljava/lang/Class;Ljava/lang/String;)V (62 bytes) @ 0x0000000005b92f6c [0x0000000005b92de0+0x18c]
j  org.springframework.beans.factory.support.AbstractAutowireCapableBeanFactory.doCreateBean(Ljava/lang/String;Lorg/springframework/beans/factory/support/RootBeanDefinition;[Ljava/lang/Object;)Ljava/lang/Object;+90
j  org.springframework.beans.factory.support.AbstractAutowireCapableBeanFactory.createBean(Ljava/lang/String;Lorg/springframework/beans/factory/support/RootBeanDefinition;[Ljava/lang/Object;)Ljava/lang/Object;+169
j  org.springframework.beans.factory.support.AbstractBeanFactory.lambda$doGetBean$0(Ljava/lang/String;Lorg/springframework/beans/factory/support/RootBeanDefinition;[Ljava/lang/Object;)Ljava/lang/Object;+4
j  org.springframework.beans.factory.support.AbstractBeanFactory$$Lambda$101.getObject()Ljava/lang/Object;+16
j  org.springframework.beans.factory.support.DefaultSingletonBeanRegistry.getSingleton(Ljava/lang/String;Lorg/springframework/beans/factory/ObjectFactory;)Ljava/lang/Object;+132
J 2252 C1 org.springframework.beans.factory.support.AbstractBeanFactory.doGetBean(Ljava/lang/String;Ljava/lang/Class;[Ljava/lang/Object;Z)Ljava/lang/Object; (833 bytes) @ 0x00000000058241cc [0x0000000005823c00+0x5cc]
J 4368 C1 org.springframework.beans.factory.support.AbstractBeanFactory.getBean(Ljava/lang/String;)Ljava/lang/Object; (9 bytes) @ 0x0000000005b8ae8c [0x0000000005b8ae40+0x4c]
j  org.springframework.boot.autoconfigure.web.servlet.WebMvcAutoConfiguration$WebMvcAutoConfigurationAdapter.configureAsyncSupport(Lorg/springframework/web/servlet/config/annotation/AsyncSupportConfigurer;)V+20
j  org.springframework.web.servlet.config.annotation.WebMvcConfigurerComposite.configureAsyncSupport(Lorg/springframework/web/servlet/config/annotation/AsyncSupportConfigurer;)V+31
j  org.springframework.web.servlet.config.annotation.DelegatingWebMvcConfiguration.configureAsyncSupport(Lorg/springframework/web/servlet/config/annotation/AsyncSupportConfigurer;)V+5
j  org.springframework.web.servlet.config.annotation.WebMvcConfigurationSupport.requestMappingHandlerAdapter()Lorg/springframework/web/servlet/mvc/method/annotation/RequestMappingHandlerAdapter;+89
j  org.springframework.boot.autoconfigure.web.servlet.WebMvcAutoConfiguration$EnableWebMvcConfiguration.requestMappingHandlerAdapter()Lorg/springframework/web/servlet/mvc/method/annotation/RequestMappingHandlerAdapter;+1
j  org.springframework.boot.autoconfigure.web.servlet.WebMvcAutoConfiguration$EnableWebMvcConfiguration$$EnhancerBySpringCGLIB$$382674d4.CGLIB$requestMappingHandlerAdapter$7()Lorg/springframework/web/servlet/mvc/method/annotation/RequestMappingHandlerAdapter;+1
j  org.springframework.boot.autoconfigure.web.servlet.WebMvcAutoConfiguration$EnableWebMvcConfiguration$$EnhancerBySpringCGLIB$$382674d4$$FastClassBySpringCGLIB$$af6cb5b4.invoke(ILjava/lang/Object;[Ljava/lang/Object;)Ljava/lang/Object;+395
j  org.springframework.cglib.proxy.MethodProxy.invokeSuper(Ljava/lang/Object;[Ljava/lang/Object;)Ljava/lang/Object;+19
j  org.springframework.context.annotation.ConfigurationClassEnhancer$BeanMethodInterceptor.intercept(Ljava/lang/Object;Ljava/lang/reflect/Method;[Ljava/lang/Object;Lorg/springframework/cglib/proxy/MethodProxy;)Ljava/lang/Object;+207
j  org.springframework.boot.autoconfigure.web.servlet.WebMvcAutoConfiguration$EnableWebMvcConfiguration$$EnhancerBySpringCGLIB$$382674d4.requestMappingHandlerAdapter()Lorg/springframework/web/servlet/mvc/method/annotation/RequestMappingHandlerAdapter;+31
v  ~StubRoutines::call_stub
J 1581  sun.reflect.NativeMethodAccessorImpl.invoke0(Ljava/lang/reflect/Method;Ljava/lang/Object;[Ljava/lang/Object;)Ljava/lang/Object; (0 bytes) @ 0x00000000056b8c7f [0x00000000056b8c00+0x7f]
J 1469 C1 sun.reflect.NativeMethodAccessorImpl.invoke(Ljava/lang/Object;[Ljava/lang/Object;)Ljava/lang/Object; (104 bytes) @ 0x0000000005669e64 [0x0000000005669ae0+0x384]
J 1470 C1 sun.reflect.DelegatingMethodAccessorImpl.invoke(Ljava/lang/Object;[Ljava/lang/Object;)Ljava/lang/Object; (10 bytes) @ 0x000000000566a6e4 [0x000000000566a6a0+0x44]
J 1468 C1 java.lang.reflect.Method.invoke(Ljava/lang/Object;[Ljava/lang/Object;)Ljava/lang/Object; (62 bytes) @ 0x00000000056696d4 [0x00000000056695e0+0xf4]
j  org.springframework.beans.factory.support.SimpleInstantiationStrategy.instantiate(Lorg/springframework/beans/factory/support/RootBeanDefinition;Ljava/lang/String;Lorg/springframework/beans/factory/BeanFactory;Ljava/lang/Object;Ljava/lang/reflect/Method;[Ljava/lang/Object;)Ljava/lang/Object;+50
j  org.springframework.beans.factory.support.ConstructorResolver.instantiate(Ljava/lang/String;Lorg/springframework/beans/factory/support/RootBeanDefinition;Ljava/lang/Object;Ljava/lang/reflect/Method;[Ljava/lang/Object;)Ljava/lang/Object;+48
j  org.springframework.beans.factory.support.ConstructorResolver.instantiateUsingFactoryMethod(Ljava/lang/String;Lorg/springframework/beans/factory/support/RootBeanDefinition;[Ljava/lang/Object;)Lorg/springframework/beans/BeanWrapper;+1479
j  org.springframework.beans.factory.support.AbstractAutowireCapableBeanFactory.instantiateUsingFactoryMethod(Ljava/lang/String;Lorg/springframework/beans/factory/support/RootBeanDefinition;[Ljava/lang/Object;)Lorg/springframework/beans/BeanWrapper;+11
j  org.springframework.beans.factory.support.AbstractAutowireCapableBeanFactory.createBeanInstance(Ljava/lang/String;Lorg/springframework/beans/factory/support/RootBeanDefinition;[Ljava/lang/Object;)Lorg/springframework/beans/BeanWrapper;+101
j  org.springframework.beans.factory.support.AbstractAutowireCapableBeanFactory.doCreateBean(Ljava/lang/String;Lorg/springframework/beans/factory/support/RootBeanDefinition;[Ljava/lang/Object;)Ljava/lang/Object;+34
j  org.springframework.beans.factory.support.AbstractAutowireCapableBeanFactory.createBean(Ljava/lang/String;Lorg/springframework/beans/factory/support/RootBeanDefinition;[Ljava/lang/Object;)Ljava/lang/Object;+169
j  org.springframework.beans.factory.support.AbstractBeanFactory.lambda$doGetBean$0(Ljava/lang/String;Lorg/springframework/beans/factory/support/RootBeanDefinition;[Ljava/lang/Object;)Ljava/lang/Object;+4
j  org.springframework.beans.factory.support.AbstractBeanFactory$$Lambda$101.getObject()Ljava/lang/Object;+16
j  org.springframework.beans.factory.support.DefaultSingletonBeanRegistry.getSingleton(Ljava/lang/String;Lorg/springframework/beans/factory/ObjectFactory;)Ljava/lang/Object;+132
J 2252 C1 org.springframework.beans.factory.support.AbstractBeanFactory.doGetBean(Ljava/lang/String;Ljava/lang/Class;[Ljava/lang/Object;Z)Ljava/lang/Object; (833 bytes) @ 0x00000000058241cc [0x0000000005823c00+0x5cc]
J 4368 C1 org.springframework.beans.factory.support.AbstractBeanFactory.getBean(Ljava/lang/String;)Ljava/lang/Object; (9 bytes) @ 0x0000000005b8ae8c [0x0000000005b8ae40+0x4c]
j  org.springframework.beans.factory.support.DefaultListableBeanFactory.preInstantiateSingletons()V+248
j  org.springframework.context.support.AbstractApplicationContext.finishBeanFactoryInitialization(Lorg/springframework/beans/factory/config/ConfigurableListableBeanFactory;)V+124
j  org.springframework.context.support.AbstractApplicationContext.refresh()V+54
j  org.springframework.boot.web.servlet.context.ServletWebServerApplicationContext.refresh()V+1
j  org.springframework.boot.SpringApplication.refresh(Lorg/springframework/context/ApplicationContext;)V+10
j  org.springframework.boot.SpringApplication.refreshContext(Lorg/springframework/context/ConfigurableApplicationContext;)V+2
j  org.springframework.boot.SpringApplication.run([Ljava/lang/String;)Lorg/springframework/context/ConfigurableApplicationContext;+118
j  org.springframework.boot.SpringApplication.run([Ljava/lang/Class;[Ljava/lang/String;)Lorg/springframework/context/ConfigurableApplicationContext;+9
j  org.springframework.boot.SpringApplication.run(Ljava/lang/Class;[Ljava/lang/String;)Lorg/springframework/context/ConfigurableApplicationContext;+9
j  com.flamingo.FlamingoAirwaysSpringBootApplication.main([Ljava/lang/String;)V+3
v  ~StubRoutines::call_stub

---------------  P R O C E S S  ---------------

Java Threads: ( => current thread )
  0x000000001e1a8800 JavaThread "container-0" [_thread_blocked, id=16356, stack(0x000000001fe90000,0x000000001ff90000)]
  0x000000001e1a6000 JavaThread "Catalina-utility-2" [_thread_blocked, id=20840, stack(0x000000001fd90000,0x000000001fe90000)]
  0x000000001e5cc800 JavaThread "Catalina-utility-1" [_thread_blocked, id=24144, stack(0x000000001fc90000,0x000000001fd90000)]
  0x000000001e55f000 JavaThread "mysql-cj-abandoned-connection-cleanup" daemon [_thread_blocked, id=18720, stack(0x000000001f990000,0x000000001fa90000)]
  0x000000001e0d2800 JavaThread "JMX server connection timeout 21" daemon [_thread_blocked, id=18004, stack(0x000000001f490000,0x000000001f590000)]
  0x000000001e0d2000 JavaThread "RMI TCP Connection(2)-127.0.0.1" daemon [_thread_in_native, id=23984, stack(0x000000001f390000,0x000000001f490000)]
  0x000000001c5a9800 JavaThread "JMX server connection timeout 17" daemon [_thread_blocked, id=24564, stack(0x000000001d5c0000,0x000000001d6c0000)]
  0x000000001c59e800 JavaThread "RMI Scheduler(0)" daemon [_thread_blocked, id=23976, stack(0x000000001d4c0000,0x000000001d5c0000)]
  0x000000001c56d800 JavaThread "RMI TCP Connection(1)-127.0.0.1" daemon [_thread_in_native, id=1396, stack(0x000000001d2c0000,0x000000001d3c0000)]
  0x000000001c3ac800 JavaThread "RMI TCP Accept-0" daemon [_thread_in_native, id=15328, stack(0x000000001cb80000,0x000000001cc80000)]
  0x000000001c3a9000 JavaThread "RMI TCP Accept-63187" daemon [_thread_in_native, id=12780, stack(0x000000001ca80000,0x000000001cb80000)]
  0x000000001c39e000 JavaThread "RMI TCP Accept-0" daemon [_thread_in_native, id=15080, stack(0x000000001c980000,0x000000001ca80000)]
  0x000000001b766000 JavaThread "Service Thread" daemon [_thread_blocked, id=19144, stack(0x000000001bd40000,0x000000001be40000)]
  0x000000001b753000 JavaThread "C1 CompilerThread2" daemon [_thread_blocked, id=18792, stack(0x000000001bc40000,0x000000001bd40000)]
  0x0000000019edc800 JavaThread "C2 CompilerThread1" daemon [_thread_blocked, id=24228, stack(0x000000001bb40000,0x000000001bc40000)]
  0x0000000019e87800 JavaThread "C2 CompilerThread0" daemon [_thread_blocked, id=22828, stack(0x000000001b640000,0x000000001b740000)]
  0x0000000019e86800 JavaThread "Attach Listener" daemon [_thread_blocked, id=21352, stack(0x000000001b540000,0x000000001b640000)]
  0x0000000019e85000 JavaThread "Signal Dispatcher" daemon [_thread_blocked, id=18844, stack(0x000000001b440000,0x000000001b540000)]
  0x0000000019e70000 JavaThread "Finalizer" daemon [_thread_blocked, id=19868, stack(0x000000001b0f0000,0x000000001b1f0000)]
  0x0000000005326000 JavaThread "Reference Handler" daemon [_thread_blocked, id=23784, stack(0x000000001aff0000,0x000000001b0f0000)]
=>0x0000000005236000 JavaThread "main" [_thread_in_vm, id=23980, stack(0x00000000050d0000,0x00000000051d0000)]

Other Threads:
  0x0000000019e47000 VMThread [stack: 0x000000001aef0000,0x000000001aff0000] [id=19460]
  0x000000001c3af800 WatcherThread [stack: 0x000000001cc80000,0x000000001cd80000] [id=23416]

VM state:not at safepoint (normal execution)

VM Mutex/Monitor currently owned by a thread: None

Heap:
 PSYoungGen      total 117760K, used 63425K [0x00000000d5d80000, 0x00000000df000000, 0x0000000100000000)
  eden space 108032K, 49% used [0x00000000d5d80000,0x00000000d91f56d8,0x00000000dc700000)
  from space 9728K, 99% used [0x00000000ddd00000,0x00000000de67b048,0x00000000de680000)
  to   space 6656K, 0% used [0x00000000de980000,0x00000000de980000,0x00000000df000000)
 ParOldGen       total 54272K, used 21634K [0x0000000081800000, 0x0000000084d00000, 0x00000000d5d80000)
  object space 54272K, 39% used [0x0000000081800000,0x0000000082d20b18,0x0000000084d00000)
 Metaspace       used 47715K, capacity 49700K, committed 49960K, reserved 1093632K
  class space    used 6718K, capacity 7113K, committed 7208K, reserved 1048576K

Card table byte_map: [0x00000000146f0000,0x0000000014af0000] byte_map_base: 0x00000000142e4000

Marking Bits: (ParMarkBitMap*) 0x0000000077232d00
 Begin Bits: [0x00000000151a0000, 0x0000000017140000)
 End Bits:   [0x0000000017140000, 0x00000000190e0000)

Polling page: 0x0000000004e80000

CodeCache: size=245760Kb used=8795Kb max_used=8795Kb free=236964Kb
 bounds [0x0000000005330000, 0x0000000005bd0000, 0x0000000014330000]
 total_blobs=5021 nmethods=4478 adapters=454
 compilation: enabled

Compilation events (10 events):
Event: 7.474 Thread 0x000000001b753000 nmethod 4473 0x0000000005bb7910 code [0x0000000005bb7aa0, 0x0000000005bb7d78]
Event: 7.474 Thread 0x000000001b753000 4474       1       org.springframework.cglib.reflect.FastClassEmitter$GetIndexCallback::processDefault (16 bytes)
Event: 7.474 Thread 0x000000001b753000 nmethod 4474 0x0000000005bb7f10 code [0x0000000005bb80a0, 0x0000000005bb8278]
Event: 7.474 Thread 0x000000001b753000 4475       1       org.springframework.cglib.reflect.FastClassEmitter::invokeSwitchHelper (79 bytes)
Event: 7.475 Thread 0x000000001b753000 nmethod 4475 0x0000000005bb8450 code [0x0000000005bb8680, 0x0000000005bb8e48]
Event: 7.475 Thread 0x000000001b753000 4476       1       java.util.concurrent.FutureTask::set (36 bytes)
Event: 7.475 Thread 0x000000001b753000 nmethod 4476 0x0000000005bb9510 code [0x0000000005bb9660, 0x0000000005bb97e8]
Event: 7.477 Thread 0x000000001b753000 4477       1       org.springframework.boot.context.properties.ConfigurationBeanFactoryMetadata::findFactoryMethod (95 bytes)
Event: 7.478 Thread 0x000000001b753000 nmethod 4477 0x0000000005bb9850 code [0x0000000005bb9a20, 0x0000000005bb9ee8]
Event: 7.478 Thread 0x000000001b753000 4478   !   1       org.springframework.beans.factory.support.ConstructorResolver::instantiateUsingFactoryMethod (1488 bytes)

GC Heap History (10 events):
Event: 3.071 GC heap before
{Heap before GC invocations=7 (full 1):
 PSYoungGen      total 71680K, used 66560K [0x00000000d5d80000, 0x00000000df380000, 0x0000000100000000)
  eden space 66560K, 100% used [0x00000000d5d80000,0x00000000d9e80000,0x00000000d9e80000)
  from space 5120K, 0% used [0x00000000d9e80000,0x00000000d9e80000,0x00000000da380000)
  to   space 10240K, 0% used [0x00000000de980000,0x00000000de980000,0x00000000df380000)
 ParOldGen       total 54272K, used 6312K [0x0000000081800000, 0x0000000084d00000, 0x00000000d5d80000)
  object space 54272K, 11% used [0x0000000081800000,0x0000000081e2a370,0x0000000084d00000)
 Metaspace       used 23283K, capacity 24180K, committed 24448K, reserved 1071104K
  class space    used 3127K, capacity 3361K, committed 3456K, reserved 1048576K
Event: 3.080 GC heap after
Heap after GC invocations=7 (full 1):
 PSYoungGen      total 114688K, used 6570K [0x00000000d5d80000, 0x00000000df000000, 0x0000000100000000)
  eden space 108032K, 0% used [0x00000000d5d80000,0x00000000d5d80000,0x00000000dc700000)
  from space 6656K, 98% used [0x00000000de980000,0x00000000defeaaf8,0x00000000df000000)
  to   space 9728K, 0% used [0x00000000ddd00000,0x00000000ddd00000,0x00000000de680000)
 ParOldGen       total 54272K, used 6384K [0x0000000081800000, 0x0000000084d00000, 0x00000000d5d80000)
  object space 54272K, 11% used [0x0000000081800000,0x0000000081e3c380,0x0000000084d00000)
 Metaspace       used 23283K, capacity 24180K, committed 24448K, reserved 1071104K
  class space    used 3127K, capacity 3361K, committed 3456K, reserved 1048576K
}
Event: 4.371 GC heap before
{Heap before GC invocations=8 (full 1):
 PSYoungGen      total 114688K, used 114602K [0x00000000d5d80000, 0x00000000df000000, 0x0000000100000000)
  eden space 108032K, 100% used [0x00000000d5d80000,0x00000000dc700000,0x00000000dc700000)
  from space 6656K, 98% used [0x00000000de980000,0x00000000defeaaf8,0x00000000df000000)
  to   space 9728K, 0% used [0x00000000ddd00000,0x00000000ddd00000,0x00000000de680000)
 ParOldGen       total 54272K, used 6384K [0x0000000081800000, 0x0000000084d00000, 0x00000000d5d80000)
  object space 54272K, 11% used [0x0000000081800000,0x0000000081e3c380,0x0000000084d00000)
 Metaspace       used 29929K, capacity 31330K, committed 31488K, reserved 1077248K
  class space    used 4060K, capacity 4344K, committed 4352K, reserved 1048576K
Event: 4.386 GC heap after
Heap after GC invocations=8 (full 1):
 PSYoungGen      total 117760K, used 9705K [0x00000000d5d80000, 0x00000000df000000, 0x0000000100000000)
  eden space 108032K, 0% used [0x00000000d5d80000,0x00000000d5d80000,0x00000000dc700000)
  from space 9728K, 99% used [0x00000000ddd00000,0x00000000de67a7d8,0x00000000de680000)
  to   space 6656K, 0% used [0x00000000de980000,0x00000000de980000,0x00000000df000000)
 ParOldGen       total 54272K, used 11104K [0x0000000081800000, 0x0000000084d00000, 0x00000000d5d80000)
  object space 54272K, 20% used [0x0000000081800000,0x00000000822d8058,0x0000000084d00000)
 Metaspace       used 29929K, capacity 31330K, committed 31488K, reserved 1077248K
  class space    used 4060K, capacity 4344K, committed 4352K, reserved 1048576K
}
Event: 5.350 GC heap before
{Heap before GC invocations=9 (full 1):
 PSYoungGen      total 117760K, used 89872K [0x00000000d5d80000, 0x00000000df000000, 0x0000000100000000)
  eden space 108032K, 74% used [0x00000000d5d80000,0x00000000dabc9bc0,0x00000000dc700000)
  from space 9728K, 99% used [0x00000000ddd00000,0x00000000de67a7d8,0x00000000de680000)
  to   space 6656K, 0% used [0x00000000de980000,0x00000000de980000,0x00000000df000000)
 ParOldGen       total 54272K, used 11104K [0x0000000081800000, 0x0000000084d00000, 0x00000000d5d80000)
  object space 54272K, 20% used [0x0000000081800000,0x00000000822d8058,0x0000000084d00000)
 Metaspace       used 33767K, capacity 35356K, committed 35496K, reserved 1079296K
  class space    used 4678K, capacity 4999K, committed 5032K, reserved 1048576K
Event: 5.367 GC heap after
Heap after GC invocations=9 (full 1):
 PSYoungGen      total 114688K, used 6624K [0x00000000d5d80000, 0x00000000df000000, 0x0000000100000000)
  eden space 108032K, 0% used [0x00000000d5d80000,0x00000000d5d80000,0x00000000dc700000)
  from space 6656K, 99% used [0x00000000de980000,0x00000000deff8040,0x00000000df000000)
  to   space 9728K, 0% used [0x00000000ddd00000,0x00000000ddd00000,0x00000000de680000)
 ParOldGen       total 54272K, used 18292K [0x0000000081800000, 0x0000000084d00000, 0x00000000d5d80000)
  object space 54272K, 33% used [0x0000000081800000,0x00000000829dd330,0x0000000084d00000)
 Metaspace       used 33767K, capacity 35356K, committed 35496K, reserved 1079296K
  class space    used 4678K, capacity 4999K, committed 5032K, reserved 1048576K
}
Event: 5.367 GC heap before
{Heap before GC invocations=10 (full 2):
 PSYoungGen      total 114688K, used 6624K [0x00000000d5d80000, 0x00000000df000000, 0x0000000100000000)
  eden space 108032K, 0% used [0x00000000d5d80000,0x00000000d5d80000,0x00000000dc700000)
  from space 6656K, 99% used [0x00000000de980000,0x00000000deff8040,0x00000000df000000)
  to   space 9728K, 0% used [0x00000000ddd00000,0x00000000ddd00000,0x00000000de680000)
 ParOldGen       total 54272K, used 18292K [0x0000000081800000, 0x0000000084d00000, 0x00000000d5d80000)
  object space 54272K, 33% used [0x0000000081800000,0x00000000829dd330,0x0000000084d00000)
 Metaspace       used 33767K, capacity 35356K, committed 35496K, reserved 1079296K
  class space    used 4678K, capacity 4999K, committed 5032K, reserved 1048576K
Event: 5.485 GC heap after
Heap after GC invocations=10 (full 2):
 PSYoungGen      total 114688K, used 0K [0x00000000d5d80000, 0x00000000df000000, 0x0000000100000000)
  eden space 108032K, 0% used [0x00000000d5d80000,0x00000000d5d80000,0x00000000dc700000)
  from space 6656K, 0% used [0x00000000de980000,0x00000000de980000,0x00000000df000000)
  to   space 9728K, 0% used [0x00000000ddd00000,0x00000000ddd00000,0x00000000de680000)
 ParOldGen       total 54272K, used 18562K [0x0000000081800000, 0x0000000084d00000, 0x00000000d5d80000)
  object space 54272K, 34% used [0x0000000081800000,0x0000000082a20990,0x0000000084d00000)
 Metaspace       used 33767K, capacity 35356K, committed 35496K, reserved 1079296K
  class space    used 4678K, capacity 4999K, committed 5032K, reserved 1048576K
}
Event: 6.872 GC heap before
{Heap before GC invocations=11 (full 2):
 PSYoungGen      total 114688K, used 108032K [0x00000000d5d80000, 0x00000000df000000, 0x0000000100000000)
  eden space 108032K, 100% used [0x00000000d5d80000,0x00000000dc700000,0x00000000dc700000)
  from space 6656K, 0% used [0x00000000de980000,0x00000000de980000,0x00000000df000000)
  to   space 9728K, 0% used [0x00000000ddd00000,0x00000000ddd00000,0x00000000de680000)
 ParOldGen       total 54272K, used 18562K [0x0000000081800000, 0x0000000084d00000, 0x00000000d5d80000)
  object space 54272K, 34% used [0x0000000081800000,0x0000000082a20990,0x0000000084d00000)
 Metaspace       used 44965K, capacity 46734K, committed 47016K, reserved 1089536K
  class space    used 6346K, capacity 6704K, committed 6824K, reserved 1048576K
Event: 6.882 GC heap after
Heap after GC invocations=11 (full 2):
 PSYoungGen      total 117760K, used 9708K [0x00000000d5d80000, 0x00000000df000000, 0x0000000100000000)
  eden space 108032K, 0% used [0x00000000d5d80000,0x00000000d5d80000,0x00000000dc700000)
  from space 9728K, 99% used [0x00000000ddd00000,0x00000000de67b048,0x00000000de680000)
  to   space 6656K, 0% used [0x00000000de980000,0x00000000de980000,0x00000000df000000)
 ParOldGen       total 54272K, used 21634K [0x0000000081800000, 0x0000000084d00000, 0x00000000d5d80000)
  object space 54272K, 39% used [0x0000000081800000,0x0000000082d20b18,0x0000000084d00000)
 Metaspace       used 44965K, capacity 46734K, committed 47016K, reserved 1089536K
  class space    used 6346K, capacity 6704K, committed 6824K, reserved 1048576K
}

Deoptimization events (0 events):
No events

Classes redefined (0 events):
No events

Internal exceptions (10 events):
Event: 7.452 Thread 0x0000000005236000 Exception <a 'java/lang/ArrayIndexOutOfBoundsException'> (0x00000000d8abe3d0) thrown at [C:\re\workspace\8-2-build-windows-amd64-cygwin\jdk8u181\11358\hotspot\src\share\vm\runtime\sharedRuntime.cpp, line 605]
Event: 7.452 Thread 0x0000000005236000 Exception <a 'java/lang/ArrayIndexOutOfBoundsException'> (0x00000000d8ac09e0) thrown at [C:\re\workspace\8-2-build-windows-amd64-cygwin\jdk8u181\11358\hotspot\src\share\vm\runtime\sharedRuntime.cpp, line 605]
Event: 7.452 Thread 0x0000000005236000 Exception <a 'java/lang/ArrayIndexOutOfBoundsException'> (0x00000000d8ac2f88) thrown at [C:\re\workspace\8-2-build-windows-amd64-cygwin\jdk8u181\11358\hotspot\src\share\vm\runtime\sharedRuntime.cpp, line 605]
Event: 7.452 Thread 0x0000000005236000 Exception <a 'java/lang/ArrayIndexOutOfBoundsException'> (0x00000000d8ac74f8) thrown at [C:\re\workspace\8-2-build-windows-amd64-cygwin\jdk8u181\11358\hotspot\src\share\vm\runtime\sharedRuntime.cpp, line 605]
Event: 7.452 Thread 0x0000000005236000 Exception <a 'java/lang/ArrayIndexOutOfBoundsException'> (0x00000000d8ac9cf0) thrown at [C:\re\workspace\8-2-build-windows-amd64-cygwin\jdk8u181\11358\hotspot\src\share\vm\runtime\sharedRuntime.cpp, line 605]
Event: 7.452 Thread 0x0000000005236000 Exception <a 'java/lang/ArrayIndexOutOfBoundsException'> (0x00000000d8acc480) thrown at [C:\re\workspace\8-2-build-windows-amd64-cygwin\jdk8u181\11358\hotspot\src\share\vm\runtime\sharedRuntime.cpp, line 605]
Event: 7.453 Thread 0x0000000005236000 Exception <a 'java/lang/ArrayIndexOutOfBoundsException'> (0x00000000d8ad45f8) thrown at [C:\re\workspace\8-2-build-windows-amd64-cygwin\jdk8u181\11358\hotspot\src\share\vm\runtime\sharedRuntime.cpp, line 605]
Event: 7.453 Thread 0x0000000005236000 Exception <a 'java/lang/ArrayIndexOutOfBoundsException'> (0x00000000d8ad8e20) thrown at [C:\re\workspace\8-2-build-windows-amd64-cygwin\jdk8u181\11358\hotspot\src\share\vm\runtime\sharedRuntime.cpp, line 605]
Event: 7.466 Thread 0x0000000005236000 Exception <a 'java/lang/ArrayIndexOutOfBoundsException'> (0x00000000d8dd0da0) thrown at [C:\re\workspace\8-2-build-windows-amd64-cygwin\jdk8u181\11358\hotspot\src\share\vm\runtime\sharedRuntime.cpp, line 605]
Event: 7.466 Thread 0x0000000005236000 Exception <a 'java/lang/ArrayIndexOutOfBoundsException'> (0x00000000d8ddf2a0) thrown at [C:\re\workspace\8-2-build-windows-amd64-cygwin\jdk8u181\11358\hotspot\src\share\vm\runtime\sharedRuntime.cpp, line 605]

Events (10 events):
Event: 7.484 loading class org/springframework/scheduling/concurrent/ThreadPoolTaskExecutor
Event: 7.484 loading class org/springframework/scheduling/concurrent/ThreadPoolTaskExecutor done
Event: 7.484 loading class org/springframework/core/task/TaskDecorator
Event: 7.484 loading class org/springframework/core/task/TaskDecorator done
Event: 7.485 loading class org/springframework/core/task/TaskDecorator
Event: 7.485 loading class org/springframework/core/task/TaskDecorator done
Event: 7.485 loading class org/springframework/scheduling/concurrent/ThreadPoolTaskExecutor
Event: 7.485 loading class org/springframework/scheduling/concurrent/ThreadPoolTaskExecutor done
Event: 7.485 loading class org/springframework/util/concurrent/ListenableFuture
Event: 7.485 loading class org/springframework/util/concurrent/ListenableFuture done


Dynamic libraries:
0x00007ff66f820000 - 0x00007ff66f857000 	C:\Program Files\Java\jdk1.8.0_181\bin\javaw.exe
0x00007ff8f4eb0000 - 0x00007ff8f5090000 	C:\Windows\SYSTEM32\ntdll.dll
0x00007ff8f4430000 - 0x00007ff8f44de000 	C:\Windows\System32\KERNEL32.DLL
0x00007ff8f12b0000 - 0x00007ff8f1516000 	C:\Windows\System32\KERNELBASE.dll
0x00007ff8f4a20000 - 0x00007ff8f4ac1000 	C:\Windows\System32\ADVAPI32.dll
0x00007ff8f4040000 - 0x00007ff8f40dd000 	C:\Windows\System32\msvcrt.dll
0x00007ff8f4bf0000 - 0x00007ff8f4c4b000 	C:\Windows\System32\sechost.dll
0x00007ff8f4900000 - 0x00007ff8f4a1f000 	C:\Windows\System32\RPCRT4.dll
0x00007ff8f2400000 - 0x00007ff8f258f000 	C:\Windows\System32\USER32.dll
0x00007ff8f1520000 - 0x00007ff8f1540000 	C:\Windows\System32\win32u.dll
0x00007ff8f4e50000 - 0x00007ff8f4e78000 	C:\Windows\System32\GDI32.dll
0x00007ff8f21e0000 - 0x00007ff8f2373000 	C:\Windows\System32\gdi32full.dll
0x00007ff8f2040000 - 0x00007ff8f20db000 	C:\Windows\System32\msvcp_win.dll
0x00007ff8f20e0000 - 0x00007ff8f21d4000 	C:\Windows\System32\ucrtbase.dll
0x00007ff8e1e30000 - 0x00007ff8e2099000 	C:\Windows\WinSxS\amd64_microsoft.windows.common-controls_6595b64144ccf1df_6.0.16299.1087_none_0f9074b65a6589b7\COMCTL32.dll
0x00007ff8f44e0000 - 0x00007ff8f47e6000 	C:\Windows\System32\combase.dll
0x00007ff8f1fc0000 - 0x00007ff8f2032000 	C:\Windows\System32\bcryptPrimitives.dll
0x00007ff8f4280000 - 0x00007ff8f42ad000 	C:\Windows\System32\IMM32.DLL
0x00007ff8c4d90000 - 0x00007ff8c4e42000 	C:\Program Files\McAfee\Endpoint Security\Threat Prevention\Ips\EpMPApi.dll
0x00007ff8f1f60000 - 0x00007ff8f1fb9000 	C:\Windows\System32\WINTRUST.dll
0x00007ff8f1200000 - 0x00007ff8f1212000 	C:\Windows\System32\MSASN1.dll
0x00007ff8f1d90000 - 0x00007ff8f1f5e000 	C:\Windows\System32\CRYPT32.dll
0x0000000051440000 - 0x000000005144c000 	C:\Program Files\McAfee\Endpoint Security\Threat Prevention\Ips\EpMPThe.dll
0x0000000076930000 - 0x0000000076a02000 	C:\Program Files\Java\jdk1.8.0_181\jre\bin\msvcr100.dll
0x0000000076a10000 - 0x00000000772b2000 	C:\Program Files\Java\jdk1.8.0_181\jre\bin\server\jvm.dll
0x00007ff8f4270000 - 0x00007ff8f4278000 	C:\Windows\System32\PSAPI.DLL
0x00007ff8ef590000 - 0x00007ff8ef5b3000 	C:\Windows\SYSTEM32\WINMM.dll
0x00007ff8e6710000 - 0x00007ff8e6719000 	C:\Windows\SYSTEM32\WSOCK32.dll
0x00007ff8f4310000 - 0x00007ff8f437c000 	C:\Windows\System32\WS2_32.dll
0x00007ff8e80f0000 - 0x00007ff8e80fa000 	C:\Windows\SYSTEM32\VERSION.dll
0x00007ff8ef530000 - 0x00007ff8ef55a000 	C:\Windows\SYSTEM32\winmmbase.dll
0x00007ff8f1d40000 - 0x00007ff8f1d8a000 	C:\Windows\System32\cfgmgr32.dll
0x0000000077900000 - 0x000000007790f000 	C:\Program Files\Java\jdk1.8.0_181\jre\bin\verify.dll
0x00000000778d0000 - 0x00000000778f9000 	C:\Program Files\Java\jdk1.8.0_181\jre\bin\java.dll
0x00000000778b0000 - 0x00000000778c6000 	C:\Program Files\Java\jdk1.8.0_181\jre\bin\zip.dll
0x00007ff8f2c00000 - 0x00007ff8f4038000 	C:\Windows\System32\SHELL32.dll
0x00007ff8f4b40000 - 0x00007ff8f4be6000 	C:\Windows\System32\shcore.dll
0x00007ff8f15f0000 - 0x00007ff8f1d37000 	C:\Windows\System32\windows.storage.dll
0x000000001b2e0000 - 0x000000001b331000 	C:\Windows\System32\shlwapi.dll
0x00007ff8f1270000 - 0x00007ff8f1281000 	C:\Windows\System32\kernel.appcore.dll
0x00007ff8f1220000 - 0x00007ff8f126c000 	C:\Windows\System32\powrprof.dll
0x00007ff8f1290000 - 0x00007ff8f12ab000 	C:\Windows\System32\profapi.dll
0x0000000077830000 - 0x000000007783d000 	C:\Program Files\Java\jdk1.8.0_181\jre\bin\management.dll
0x0000000077890000 - 0x00000000778aa000 	C:\Program Files\Java\jdk1.8.0_181\jre\bin\net.dll
0x00007ff8f0a90000 - 0x00007ff8f0af6000 	C:\Windows\system32\mswsock.dll
0x0000000077870000 - 0x0000000077881000 	C:\Program Files\Java\jdk1.8.0_181\jre\bin\nio.dll
0x00007ff8e5cd0000 - 0x00007ff8e5ce6000 	C:\Windows\system32\napinsp.dll
0x00007ff8e5cb0000 - 0x00007ff8e5cca000 	C:\Windows\system32\pnrpnsp.dll
0x00007ff8edea0000 - 0x00007ff8edeb8000 	C:\Windows\system32\NLAapi.dll
0x00007ff8f0860000 - 0x00007ff8f0916000 	C:\Windows\SYSTEM32\DNSAPI.dll
0x00007ff8f4b30000 - 0x00007ff8f4b38000 	C:\Windows\System32\NSI.dll
0x00007ff8f0820000 - 0x00007ff8f0859000 	C:\Windows\SYSTEM32\IPHLPAPI.DLL
0x00007ff8e5ca0000 - 0x00007ff8e5cae000 	C:\Windows\System32\winrnr.dll
0x00007ff8eb340000 - 0x00007ff8eb34a000 	C:\Windows\System32\rasadhlp.dll
0x00007ff8ec0a0000 - 0x00007ff8ec110000 	C:\Windows\System32\fwpuclnt.dll
0x00007ff8f0d60000 - 0x00007ff8f0d85000 	C:\Windows\SYSTEM32\bcrypt.dll
0x00007ff8f0c60000 - 0x00007ff8f0c77000 	C:\Windows\SYSTEM32\CRYPTSP.dll
0x00007ff8f0690000 - 0x00007ff8f06c3000 	C:\Windows\system32\rsaenh.dll
0x00007ff8f1130000 - 0x00007ff8f1159000 	C:\Windows\SYSTEM32\USERENV.dll
0x00007ff8f0c50000 - 0x00007ff8f0c5b000 	C:\Windows\SYSTEM32\CRYPTBASE.dll
0x00007ff8ec420000 - 0x00007ff8ec436000 	C:\Windows\SYSTEM32\dhcpcsvc6.DLL
0x00007ff8ec400000 - 0x00007ff8ec41a000 	C:\Windows\SYSTEM32\dhcpcsvc.DLL

VM Arguments:
jvm_args: -Dcom.sun.management.jmxremote -Dcom.sun.management.jmxremote.port=63187 -Dcom.sun.management.jmxremote.authenticate=false -Dcom.sun.management.jmxremote.ssl=false -Djava.rmi.server.hostname=localhost -Dspring.jmx.enabled=true -Dspring.application.admin.enabled=true -Xverify:none -XX:TieredStopAtLevel=1 -Dfile.encoding=UTF-8 
java_command: com.flamingo.FlamingoAirwaysSpringBootApplication --spring.output.ansi.enabled=always
java_class_path (initial): D:\Aditee\SpringBoot\FlamingoAirwaysSpringBoot\target\classes;C:\Users\TRG\.m2\repository\org\springframework\boot\spring-boot-starter-actuator\2.1.9.RELEASE\spring-boot-starter-actuator-2.1.9.RELEASE.jar;C:\Users\TRG\.m2\repository\org\springframework\boot\spring-boot-starter\2.1.9.RELEASE\spring-boot-starter-2.1.9.RELEASE.jar;C:\Users\TRG\.m2\repository\org\springframework\boot\spring-boot\2.1.9.RELEASE\spring-boot-2.1.9.RELEASE.jar;C:\Users\TRG\.m2\repository\org\springframework\boot\spring-boot-autoconfigure\2.1.9.RELEASE\spring-boot-autoconfigure-2.1.9.RELEASE.jar;C:\Users\TRG\.m2\repository\org\springframework\boot\spring-boot-starter-logging\2.1.9.RELEASE\spring-boot-starter-logging-2.1.9.RELEASE.jar;C:\Users\TRG\.m2\repository\ch\qos\logback\logback-classic\1.2.3\logback-classic-1.2.3.jar;C:\Users\TRG\.m2\repository\ch\qos\logback\logback-core\1.2.3\logback-core-1.2.3.jar;C:\Users\TRG\.m2\repository\org\apache\logging\log4j\log4j-to-slf4j\2.11.2\log4j-to-slf4j-2.11.2.jar;C:\Users\TRG\.m2\repository\org\apache\logging\log4j\log4j-api\2.11.2\log4j-api-2.11.2.jar;C:\Users\TRG\.m2\repository\org\slf4j\jul-to-slf4j\1.7.28\jul-to-slf4j-1.7.28.jar;C:\Users\TRG\.m2\repository\org\yaml\snakeyaml\1.23\snakeyaml-1.23.jar;C:\Users\TRG\.m2\repository\org\springframework\boot\spring-boot-actuator-autoconfigure\2.1.9.RELEASE\spring-boot-actuator-autoconfigure-2.1.9.RELEASE.jar;C:\Users\TRG\.m2\repository\org\springframework\boot\spring-boot-actuator\2.1.9.RELEASE\spring-boot-actuator-2.1.9.RELEASE.jar;C:\Users\TRG\.m2\repository\com\fasterxml\jackson\core\jackson-databind\2.9.9.3\jackson-databind-2.9.9.3.jar;C:\Users\TRG\.m2\repository\com\fasterxml\jackson\core\jackson-annotations\2.9.0\jackson-annotations-2.9.0.jar;C:\Users\TRG\.m2\repository\com\fasterxml\jackson\core\jackson-core\2.9.9\jackson-core-2.9.9.jar;C:\Users\TRG\.m2\repository\org\springframework\spring-context\5.1.10.RELEASE\spring-context-5.1.10.RELEASE.jar;C:\Users\TRG\.m2\repos
Launcher Type: SUN_STANDARD

Environment Variables:
JAVA_HOME=C:\Program Files\Java\jdk1.8.0_181
PATH=C:/Program Files/Java/jdk1.8.0_181/bin/../jre/bin/server;C:/Program Files/Java/jdk1.8.0_181/bin/../jre/bin;C:/Program Files/Java/jdk1.8.0_181/bin/../jre/lib/amd64;C:\Program Files\Java\jdk1.8.0_181\bin;C:\oraclexe\app\oracle\product\11.2.0\server\bin;D:\DevSuiteHome_1\bin;D:\app\TRG\product\11.2.0\dbhome_1\bin;C:\Program Files (x86)\Common Files\Oracle\Java\javapath;D:\DevSuiteHome_1\jdk\jre\bin\classic;D:\DevSuiteHome_1\jdk\jre\bin;D:\DevSuiteHome_1\jdk\jre\bin\client;D:\DevSuiteHome_1\jlib;D:\DevSuiteHome_1\jre\1.4.2\bin\client;D:\DevSuiteHome_1\jre\1.4.2\bin;C:\ProgramData\Oracle\Java\javapath;C:\Windows\system32;C:\Windows;C:\Windows\System32\Wbem;C:\Windows\System32\WindowsPowerShell\v1.0\;C:\Program Files\PuTTY\;C:\Program Files (x86)\Microsoft VS Code\bin;C:\Program Files\Java\jdk-9.0.4\bin;C:\orant\jdk\bin;C:\Program Files (x86)\Java\jre1.8.0_191\bin;C:\Program Files\Microsoft SQL Server\120\DTS\Binn\;C:\Program Files\Microsoft SQL Server\Client SDK\ODBC\110\Tools\Binn\;C:\Program Files (x86)\Microsoft SQL Server\120\Tools\Binn\;C:\Program Files\Microsoft SQL Server\120\Tools\Binn\;C:\Program Files (x86)\Microsoft SQL Server\120\Tools\Binn\ManagementStudio\;C:\Program Files (x86)\Microsoft SQL Server\120\DTS\Binn\;C:\Program Files\dotnet\;C:\Program Files\Microsoft SQL Server\130\Tools\Binn\;C:\Program Files\nodejs\;C:\Program Files (x86)\Brackets\command;C:\Program Files\Git\cmd;D:\Aditee\apache-maven-3.6.2\bin;D:\Aditee\gradle-5.6.2\bin;C:\Users\TRG\AppData\Roaming\npm;D:\Aditee\apache-maven-3.6.2\bin;D:\sts-4.4.0.RELEASE;
USERNAME=TRG
OS=Windows_NT
PROCESSOR_IDENTIFIER=Intel64 Family 6 Model 94 Stepping 3, GenuineIntel



---------------  S Y S T E M  ---------------

OS: Windows 10.0 , 64 bit Build 16299 (10.0.16299.1087)

CPU:total 4 (initial active 4) (2 cores per cpu, 2 threads per core) family 6 model 94 stepping 3, cmov, cx8, fxsr, mmx, sse, sse2, sse3, ssse3, sse4.1, sse4.2, popcnt, avx, avx2, aes, clmul, erms, 3dnowpref, lzcnt, ht, tsc, tscinvbit, bmi1, bmi2, adx

Memory: 4k page, physical 8282716k(953456k free), swap 14475868k(1356k free)

vm_info: Java HotSpot(TM) 64-Bit Server VM (25.181-b13) for windows-amd64 JRE (1.8.0_181-b13), built on Jul  7 2018 04:01:33 by "java_re" with MS VC++ 10.0 (VS2010)

time: Thu Oct 17 18:11:16 2019
elapsed time: 7 seconds (0d 0h 0m 7s)

